# file opened: C:\Users\USER\Downloads\MasterMind\MasterMind\.vscode\tasks.json
C:\Users\USER\Downloads\MasterMind\MasterMind\.vscode\tasks.json(1): error: Invalid labelname: {
 1    0000              {
C:\Users\USER\Downloads\MasterMind\MasterMind\.vscode\tasks.json(2): error: Unrecognized instruction: "version"
C:\Users\USER\Downloads\MasterMind\MasterMind\.vscode\tasks.json(2): error: Unexpected: "version"
 2    0000                  "version"
C:\Users\USER\Downloads\MasterMind\MasterMind\.vscode\tasks.json(2): error: Unrecognized instruction: "2.0.0",
C:\Users\USER\Downloads\MasterMind\MasterMind\.vscode\tasks.json(2): error: Unexpected: "2.0.0",
 2    0000                "2.0.0",
C:\Users\USER\Downloads\MasterMind\MasterMind\.vscode\tasks.json(3): error: Unrecognized instruction: "tasks"
C:\Users\USER\Downloads\MasterMind\MasterMind\.vscode\tasks.json(3): error: Unexpected: "tasks"
 3    0000                  "tasks"
C:\Users\USER\Downloads\MasterMind\MasterMind\.vscode\tasks.json(3): error: Unrecognized instruction: [
C:\Users\USER\Downloads\MasterMind\MasterMind\.vscode\tasks.json(3): error: Unexpected: [
 3    0000                [
C:\Users\USER\Downloads\MasterMind\MasterMind\.vscode\tasks.json(4): error: Unrecognized instruction: {
C:\Users\USER\Downloads\MasterMind\MasterMind\.vscode\tasks.json(4): error: Unexpected: {
 4    0000                              {
C:\Users\USER\Downloads\MasterMind\MasterMind\.vscode\tasks.json(5): error: Unrecognized instruction: "label"
C:\Users\USER\Downloads\MasterMind\MasterMind\.vscode\tasks.json(5): error: Unexpected: "label"
 5    0000                          "label"
C:\Users\USER\Downloads\MasterMind\MasterMind\.vscode\tasks.json(5): error: Unrecognized instruction: "sjasmplus",
C:\Users\USER\Downloads\MasterMind\MasterMind\.vscode\tasks.json(5): error: Unexpected: "sjasmplus",
 5    0000                "sjasmplus",
C:\Users\USER\Downloads\MasterMind\MasterMind\.vscode\tasks.json(6): error: Unrecognized instruction: "type"
C:\Users\USER\Downloads\MasterMind\MasterMind\.vscode\tasks.json(6): error: Unexpected: "type"
 6    0000                          "type"
C:\Users\USER\Downloads\MasterMind\MasterMind\.vscode\tasks.json(6): error: Unrecognized instruction: "shell",
C:\Users\USER\Downloads\MasterMind\MasterMind\.vscode\tasks.json(6): error: Unexpected: "shell",
 6    0000                "shell",
C:\Users\USER\Downloads\MasterMind\MasterMind\.vscode\tasks.json(7): error: Unrecognized instruction: "command"
C:\Users\USER\Downloads\MasterMind\MasterMind\.vscode\tasks.json(7): error: Unexpected: "command"
 7    0000                          "command"
C:\Users\USER\Downloads\MasterMind\MasterMind\.vscode\tasks.json(7): error: Unrecognized instruction: "..\\MasterMind\\.vscode\\sjasmplus118.exe",
C:\Users\USER\Downloads\MasterMind\MasterMind\.vscode\tasks.json(7): error: Unexpected: "..\\MasterMind\\.vscode\\sjasmplus118.exe",
 7    0000                "..\\MasterMind\\.vscode\\sjasmplus118.exe",
C:\Users\USER\Downloads\MasterMind\MasterMind\.vscode\tasks.json(8): error: Unrecognized instruction: "args"
C:\Users\USER\Downloads\MasterMind\MasterMind\.vscode\tasks.json(8): error: Unexpected: "args"
 8    0000                          "args"
C:\Users\USER\Downloads\MasterMind\MasterMind\.vscode\tasks.json(8): error: Unrecognized instruction: [
C:\Users\USER\Downloads\MasterMind\MasterMind\.vscode\tasks.json(8): error: Unexpected: [
 8    0000                [
C:\Users\USER\Downloads\MasterMind\MasterMind\.vscode\tasks.json(9): error: Unrecognized instruction: "--lst=${fileDirname}/${fileBasenameNoExtension}.lst",
C:\Users\USER\Downloads\MasterMind\MasterMind\.vscode\tasks.json(9): error: Unexpected: "--lst=${fileDirname}/${fileBasenameNoExtension}.lst",
 9    0000                              "--lst=${fileDirname}/${fileBasenameNoExtension}.lst",
C:\Users\USER\Downloads\MasterMind\MasterMind\.vscode\tasks.json(10): error: Unrecognized instruction: "--sld=${fileDirname}/${fileBasenameNoExtension}.sld",
C:\Users\USER\Downloads\MasterMind\MasterMind\.vscode\tasks.json(10): error: Unexpected: "--sld=${fileDirname}/${fileBasenameNoExtension}.sld",
10    0000                              "--sld=${fileDirname}/${fileBasenameNoExtension}.sld",
C:\Users\USER\Downloads\MasterMind\MasterMind\.vscode\tasks.json(11): error: Unrecognized instruction: "--raw=${fileDirname}/${fileBasenameNoExtension}.bin",
C:\Users\USER\Downloads\MasterMind\MasterMind\.vscode\tasks.json(11): error: Unexpected: "--raw=${fileDirname}/${fileBasenameNoExtension}.bin",
11    0000                              "--raw=${fileDirname}/${fileBasenameNoExtension}.bin",
C:\Users\USER\Downloads\MasterMind\MasterMind\.vscode\tasks.json(12): error: Unrecognized instruction: "--fullpath",
C:\Users\USER\Downloads\MasterMind\MasterMind\.vscode\tasks.json(12): error: Unexpected: "--fullpath",
12    0000                              "--fullpath",
C:\Users\USER\Downloads\MasterMind\MasterMind\.vscode\tasks.json(13): error: Unrecognized instruction: "${file}"
C:\Users\USER\Downloads\MasterMind\MasterMind\.vscode\tasks.json(13): error: Unexpected: "${file}"
13    0000                              "${file}"
C:\Users\USER\Downloads\MasterMind\MasterMind\.vscode\tasks.json(14): error: Unrecognized instruction: ],
C:\Users\USER\Downloads\MasterMind\MasterMind\.vscode\tasks.json(14): error: Unexpected: ],
14    0000                          ],
C:\Users\USER\Downloads\MasterMind\MasterMind\.vscode\tasks.json(15): error: Unrecognized instruction: "group"
C:\Users\USER\Downloads\MasterMind\MasterMind\.vscode\tasks.json(15): error: Unexpected: "group"
15    0000                          "group"
C:\Users\USER\Downloads\MasterMind\MasterMind\.vscode\tasks.json(15): error: Unrecognized instruction: {
C:\Users\USER\Downloads\MasterMind\MasterMind\.vscode\tasks.json(15): error: Unexpected: {
15    0000                {
C:\Users\USER\Downloads\MasterMind\MasterMind\.vscode\tasks.json(16): error: Unrecognized instruction: "kind"
C:\Users\USER\Downloads\MasterMind\MasterMind\.vscode\tasks.json(16): error: Unexpected: "kind"
16    0000                              "kind"
C:\Users\USER\Downloads\MasterMind\MasterMind\.vscode\tasks.json(16): error: Unrecognized instruction: "build",
C:\Users\USER\Downloads\MasterMind\MasterMind\.vscode\tasks.json(16): error: Unexpected: "build",
16    0000                "build",
C:\Users\USER\Downloads\MasterMind\MasterMind\.vscode\tasks.json(17): error: Unrecognized instruction: "isDefault"
C:\Users\USER\Downloads\MasterMind\MasterMind\.vscode\tasks.json(17): error: Unexpected: "isDefault"
17    0000                              "isDefault"
C:\Users\USER\Downloads\MasterMind\MasterMind\.vscode\tasks.json(17): error: Unrecognized instruction: true
17    0000                true
C:\Users\USER\Downloads\MasterMind\MasterMind\.vscode\tasks.json(18): error: Unrecognized instruction: }
C:\Users\USER\Downloads\MasterMind\MasterMind\.vscode\tasks.json(18): error: Unexpected: }
18    0000                          }
19    0000
C:\Users\USER\Downloads\MasterMind\MasterMind\.vscode\tasks.json(20): error: Unrecognized instruction: }
C:\Users\USER\Downloads\MasterMind\MasterMind\.vscode\tasks.json(20): error: Unexpected: }
20    0000                      }
C:\Users\USER\Downloads\MasterMind\MasterMind\.vscode\tasks.json(21): error: Unrecognized instruction: ]
C:\Users\USER\Downloads\MasterMind\MasterMind\.vscode\tasks.json(21): error: Unexpected: ]
21    0000                  ]
C:\Users\USER\Downloads\MasterMind\MasterMind\.vscode\tasks.json(22): error: Invalid labelname: }
22    0000              }
23    0000
# file closed: C:\Users\USER\Downloads\MasterMind\MasterMind\.vscode\tasks.json
